Using pre-set license
Built from '2020.3/staging' branch; Version is '2020.3.48f1 (b805b124c6b7) revision 12060081'; Using compiler version '192528614'; Build Type 'Release'
OS: 'Windows 10  (10.0.19045) 64bit Core' Language: 'es' Physical Memory: 7113 MB
BatchMode: 1, IsHumanControllingUs: 0, StartBugReporterOnCrash: 0, Is64bit: 1, IsPro: 0

COMMAND LINE ARGUMENTS:
C:\Program Files\Unity\Hub\Editor\2020.3.48f1\Editor\Unity.exe
-adb2
-batchMode
-noUpm
-name
AssetImportWorker0
-projectPath
C:/Users/Usuario/Documents/Projects/OneShotCat/One Shot Cat
-logFile
Logs/AssetImportWorker0.log
-srvPort
50595
Successfully changed project path to: C:/Users/Usuario/Documents/Projects/OneShotCat/One Shot Cat
C:/Users/Usuario/Documents/Projects/OneShotCat/One Shot Cat
Using Asset Import Pipeline V2.
Player connection [12672] Host "[IP] 192.168.1.4 [Port] 1073959520 [Flags] 2 [Guid] 2723560865 [EditorId] 2723560865 [Version] 1048832 [Id] WindowsEditor(7,LAPTOP-7NK7EKN0) [Debug] 1 [PackageName] WindowsEditor [ProjectName] Editor" joined multi-casting on [225.0.0.222:54997]...

Player connection [12672] Host "[IP] 192.168.1.4 [Port] 1073959520 [Flags] 2 [Guid] 2723560865 [EditorId] 2723560865 [Version] 1048832 [Id] WindowsEditor(7,LAPTOP-7NK7EKN0) [Debug] 1 [PackageName] WindowsEditor [ProjectName] Editor" joined alternative multi-casting on [225.0.0.222:34997]...

Refreshing native plugins compatible for Editor in 316.33 ms, found 2 plugins.
Preloading 0 native plugins for Editor in 0.00 ms.
Initialize engine version: 2020.3.48f1 (b805b124c6b7)
[Subsystems] Discovering subsystems at path C:/Program Files/Unity/Hub/Editor/2020.3.48f1/Editor/Data/Resources/UnitySubsystems
[Subsystems] Discovering subsystems at path C:/Users/Usuario/Documents/Projects/OneShotCat/One Shot Cat/Assets
GfxDevice: creating device client; threaded=0
Direct3D:
    Version:  Direct3D 11.0 [level 11.1]
    Renderer: AMD Radeon(TM) R4 Graphics (ID=0x9851)
    Vendor:   
    VRAM:     1007 MB
    Driver:   21.19.144.257
Initialize mono
Mono path[0] = 'C:/Program Files/Unity/Hub/Editor/2020.3.48f1/Editor/Data/Managed'
Mono path[1] = 'C:/Program Files/Unity/Hub/Editor/2020.3.48f1/Editor/Data/MonoBleedingEdge/lib/mono/unityjit'
Mono config path = 'C:/Program Files/Unity/Hub/Editor/2020.3.48f1/Editor/Data/MonoBleedingEdge/etc'
Using monoOptions --debugger-agent=transport=dt_socket,embedding=1,server=y,suspend=n,address=127.0.0.1:56844
Begin MonoManager ReloadAssembly
Registering precompiled unity dll's ...
Register platform support module: C:/Program Files/Unity/Hub/Editor/2020.3.48f1/Editor/Data/PlaybackEngines/WindowsStandaloneSupport/UnityEditor.WindowsStandalone.Extensions.dll
Registered in 0.006956 seconds.
Native extension for WindowsStandalone target not found
Refreshing native plugins compatible for Editor in 195.03 ms, found 2 plugins.
Preloading 0 native plugins for Editor in 0.00 ms.
Mono: successfully reloaded assembly
- Completed reload, in  2.695 seconds
Domain Reload Profiling:
	ReloadAssembly (2696ms)
		BeginReloadAssembly (305ms)
			ExecutionOrderSort (0ms)
			DisableScriptedObjects (0ms)
			BackupInstance (0ms)
			ReleaseScriptingObjects (0ms)
			CreateAndSetChildDomain (6ms)
		EndReloadAssembly (2075ms)
			LoadAssemblies (291ms)
			RebuildTransferFunctionScriptingTraits (0ms)
			SetupTypeCache (588ms)
			ReleaseScriptCaches (1ms)
			RebuildScriptCaches (147ms)
			SetupLoadedEditorAssemblies (864ms)
				LogAssemblyErrors (0ms)
				InitializePlatformSupportModulesInManaged (16ms)
				SetLoadedEditorAssemblies (1ms)
				RefreshPlugins (195ms)
				BeforeProcessingInitializeOnLoad (135ms)
				ProcessInitializeOnLoadAttributes (330ms)
				ProcessInitializeOnLoadMethodAttributes (185ms)
				AfterProcessingInitializeOnLoad (0ms)
				EditorAssembliesLoaded (1ms)
			ExecutionOrderSort2 (0ms)
			AwakeInstancesAfterBackupRestoration (0ms)
Platform modules already initialized, skipping
Registering precompiled user dll's ...
Registered in 0.016540 seconds.
Begin MonoManager ReloadAssembly
Native extension for WindowsStandalone target not found
Refreshing native plugins compatible for Editor in 169.98 ms, found 2 plugins.
Preloading 0 native plugins for Editor in 0.00 ms.
Mono: successfully reloaded assembly
- Completed reload, in  4.253 seconds
Domain Reload Profiling:
	ReloadAssembly (4280ms)
		BeginReloadAssembly (539ms)
			ExecutionOrderSort (0ms)
			DisableScriptedObjects (16ms)
			BackupInstance (0ms)
			ReleaseScriptingObjects (0ms)
			CreateAndSetChildDomain (60ms)
		EndReloadAssembly (3515ms)
			LoadAssemblies (373ms)
			RebuildTransferFunctionScriptingTraits (0ms)
			SetupTypeCache (1182ms)
			ReleaseScriptCaches (1ms)
			RebuildScriptCaches (222ms)
			SetupLoadedEditorAssemblies (1334ms)
				LogAssemblyErrors (0ms)
				InitializePlatformSupportModulesInManaged (12ms)
				SetLoadedEditorAssemblies (1ms)
				RefreshPlugins (170ms)
				BeforeProcessingInitializeOnLoad (312ms)
				ProcessInitializeOnLoadAttributes (785ms)
				ProcessInitializeOnLoadMethodAttributes (32ms)
				AfterProcessingInitializeOnLoad (21ms)
				EditorAssembliesLoaded (1ms)
			ExecutionOrderSort2 (0ms)
			AwakeInstancesAfterBackupRestoration (6ms)
Platform modules already initialized, skipping
========================================================================
Worker process is ready to serve import requests
Launched and connected shader compiler UnityShaderCompiler.exe after 0.13 seconds
Refreshing native plugins compatible for Editor in 1.63 ms, found 2 plugins.
Preloading 0 native plugins for Editor in 0.00 ms.
Unloading 2623 Unused Serialized files (Serialized files now loaded: 0)
System memory in use before: 121.0 MB.
System memory in use after: 119.0 MB.

Unloading 48 unused Assets to reduce memory usage. Loaded Objects now: 3031.
Total: 13.778500 ms (FindLiveObjects: 0.997900 ms CreateObjectMapping: 0.523500 ms MarkObjects: 9.203800 ms  DeleteObjects: 3.048700 ms)

AssetImportParameters requested are different than current active one (requested -> active):
  custom:framework-win-MediaFoundation: 216162199b28c13a410421893ffa2e32 -> 
  custom:video-decoder-ogg-theora: a1e56fd34408186e4bbccfd4996cb3dc -> 
  custom:container-muxer-webm: aa71ff27fc2769a1b78a27578f13a17b -> 
  custom:container-demuxer-webm: 4f35f7cbe854078d1ac9338744f61a02 -> 
  custom:container-demuxer-ogg: 62fdf1f143b41e24485cea50d1cbac27 -> 
  custom:video-encoder-webm-vp8: eb34c28f22e8b96e1ab97ce403110664 -> 
  custom:video-decoder-webm-vp8: 9c59270c3fd7afecdb556c50c9e8de78 -> 
  custom:audio-decoder-ogg-vorbis: bf7c407c2cedff20999df2af8eb42d56 -> 
  custom:audio-encoder-webm-vorbis: bf7c407c2cedff20999df2af8eb42d56 -> 
========================================================================
Received Import Request.
  path: Assets/Mockup/Mockup.unity
  artifactKey: Guid(bec03124ff05bdc43abc7c05a9d54cf8) Importer(815301076,1909f56bfc062723c751e8b465ee728b)
Start importing Assets/Mockup/Mockup.unity using Guid(bec03124ff05bdc43abc7c05a9d54cf8) Importer(815301076,1909f56bfc062723c751e8b465ee728b)  -> (artifact id: '4a4442d7bce343e7d6fb2423c266f561') in 0.103113 seconds 
========================================================================
Received Import Request.
  Time since last request: 0.000842 seconds.
  path: Assets/Mockup
  artifactKey: Guid(c4d4e11e6210ba044a6a2697b68a903b) Importer(815301076,1909f56bfc062723c751e8b465ee728b)
Start importing Assets/Mockup using Guid(c4d4e11e6210ba044a6a2697b68a903b) Importer(815301076,1909f56bfc062723c751e8b465ee728b)  -> (artifact id: '8cd8281e1c3d8f0d754fe999c1bed3ff') in 0.062778 seconds 
========================================================================
Received Import Request.
  Time since last request: 142.925537 seconds.
  path: Assets/Prototype/Mockup.unity
  artifactKey: Guid(bec03124ff05bdc43abc7c05a9d54cf8) Importer(815301076,1909f56bfc062723c751e8b465ee728b)
Start importing Assets/Prototype/Mockup.unity using Guid(bec03124ff05bdc43abc7c05a9d54cf8) Importer(815301076,1909f56bfc062723c751e8b465ee728b)  -> (artifact id: 'cf6569660d615ed125cfaca39a8f6dbf') in 0.026706 seconds 
========================================================================
Received Import Request.
  Time since last request: 6.383513 seconds.
  path: Assets/Prototype/Prototype.unity
  artifactKey: Guid(bec03124ff05bdc43abc7c05a9d54cf8) Importer(815301076,1909f56bfc062723c751e8b465ee728b)
Start importing Assets/Prototype/Prototype.unity using Guid(bec03124ff05bdc43abc7c05a9d54cf8) Importer(815301076,1909f56bfc062723c751e8b465ee728b)  -> (artifact id: 'af62cb45924200f1d3457834a3c7c929') in 0.038716 seconds 
========================================================================
Received Import Request.
  Time since last request: 69.353409 seconds.
  path: Assets/Prototype
  artifactKey: Guid(c4d4e11e6210ba044a6a2697b68a903b) Importer(815301076,1909f56bfc062723c751e8b465ee728b)
Start importing Assets/Prototype using Guid(c4d4e11e6210ba044a6a2697b68a903b) Importer(815301076,1909f56bfc062723c751e8b465ee728b)  -> (artifact id: '3ee584f876d711705718b39c1806fe2f') in 0.056894 seconds 
========================================================================
Received Import Request.
  Time since last request: 5.553396 seconds.
  path: Assets/Prototype/Materials
  artifactKey: Guid(b68d2aba1de4b4c459f59b1f84d55dd6) Importer(815301076,1909f56bfc062723c751e8b465ee728b)
Start importing Assets/Prototype/Materials using Guid(b68d2aba1de4b4c459f59b1f84d55dd6) Importer(815301076,1909f56bfc062723c751e8b465ee728b)  -> (artifact id: '637527dea68d96080a541c6394f4ade4') in 0.037701 seconds 
========================================================================
Received Prepare
Registering precompiled user dll's ...
Registered in 0.012536 seconds.
Begin MonoManager ReloadAssembly
Native extension for WindowsStandalone target not found
Refreshing native plugins compatible for Editor in 1.48 ms, found 2 plugins.
Preloading 0 native plugins for Editor in 0.00 ms.
System.ArgumentOutOfRangeException: Length cannot be less than zero.
Parameter name: length
  at System.String.Substring (System.Int32 startIndex, System.Int32 length) [0x0004a] in <695d1cc93cca45069c528c15c9fdd749>:0 
  at Cinemachine.Editor.ScriptableObjectUtility.get_CinemachineInstallAssetPath () [0x0001a] in C:\Users\Usuario\Documents\Projects\OneShotCat\One Shot Cat\Assets\Cinemachine\Base\Editor\Utility\ScriptableObjectUtility.cs:23 
  at Cinemachine.Editor.ScriptableObjectUtility.get_CinemachineInstallPath () [0x00001] in C:\Users\Usuario\Documents\Projects\OneShotCat\One Shot Cat\Assets\Cinemachine\Base\Editor\Utility\ScriptableObjectUtility.cs:13 
  at Cinemachine.Editor.CinemachineBrainEditor+InstallGizmos..cctor () [0x00001] in C:\Users\Usuario\Documents\Projects\OneShotCat\One Shot Cat\Assets\Cinemachine\Base\Editor\Editors\CinemachineBrainEditor.cs:150 
UnityEngine.StackTraceUtility:ExtractStackTrace ()
UnityEngine.DebugLogHandler:LogFormat (UnityEngine.LogType,UnityEngine.Object,string,object[])
UnityEngine.Logger:Log (UnityEngine.LogType,object)
UnityEngine.Debug:LogError (object)
UnityEditor.EditorAssemblies:ProcessInitializeOnLoadAttributes (System.Type[])

Mono: successfully reloaded assembly
- Completed reload, in 11.674 seconds
Domain Reload Profiling:
	ReloadAssembly (11678ms)
		BeginReloadAssembly (472ms)
			ExecutionOrderSort (0ms)
			DisableScriptedObjects (23ms)
			BackupInstance (0ms)
			ReleaseScriptingObjects (0ms)
			CreateAndSetChildDomain (123ms)
		EndReloadAssembly (10905ms)
			LoadAssemblies (571ms)
			RebuildTransferFunctionScriptingTraits (0ms)
			SetupTypeCache (2211ms)
			ReleaseScriptCaches (3ms)
			RebuildScriptCaches (220ms)
			SetupLoadedEditorAssemblies (7516ms)
				LogAssemblyErrors (0ms)
				InitializePlatformSupportModulesInManaged (14ms)
				SetLoadedEditorAssemblies (2ms)
				RefreshPlugins (2ms)
				BeforeProcessingInitializeOnLoad (365ms)
				ProcessInitializeOnLoadAttributes (7064ms)
				ProcessInitializeOnLoadMethodAttributes (45ms)
				AfterProcessingInitializeOnLoad (24ms)
				EditorAssembliesLoaded (1ms)
			ExecutionOrderSort2 (0ms)
			AwakeInstancesAfterBackupRestoration (22ms)
Platform modules already initialized, skipping
Refreshing native plugins compatible for Editor in 1.61 ms, found 2 plugins.
Preloading 0 native plugins for Editor in 0.00 ms.
Unloading 2642 Unused Serialized files (Serialized files now loaded: 0)
System memory in use before: 120.3 MB.
System memory in use after: 118.3 MB.

Unloading 43 unused Assets to reduce memory usage. Loaded Objects now: 3131.
Total: 14.000000 ms (FindLiveObjects: 1.320700 ms CreateObjectMapping: 0.480800 ms MarkObjects: 8.921000 ms  DeleteObjects: 3.273700 ms)

AssetImportParameters requested are different than current active one (requested -> active):
  custom:framework-win-MediaFoundation: 216162199b28c13a410421893ffa2e32 -> 
  custom:video-decoder-ogg-theora: a1e56fd34408186e4bbccfd4996cb3dc -> 
  custom:container-muxer-webm: aa71ff27fc2769a1b78a27578f13a17b -> 
  custom:container-demuxer-webm: 4f35f7cbe854078d1ac9338744f61a02 -> 
  custom:container-demuxer-ogg: 62fdf1f143b41e24485cea50d1cbac27 -> 
  custom:video-encoder-webm-vp8: eb34c28f22e8b96e1ab97ce403110664 -> 
  custom:video-decoder-webm-vp8: 9c59270c3fd7afecdb556c50c9e8de78 -> 
  custom:audio-decoder-ogg-vorbis: bf7c407c2cedff20999df2af8eb42d56 -> 
  custom:audio-encoder-webm-vorbis: bf7c407c2cedff20999df2af8eb42d56 -> 
AssetImportWorkerClient::OnTransportError - code=2 error=End of file
